Unity Editor version:    2022.3.26f1 (ec6cd8118806)
Branch:                  2022.3/staging
Build type:              Release
Batch mode:              YES
System name:             Linux
Distro version:          #31-Ubuntu SMP PREEMPT_DYNAMIC Sat Apr 20 00:40:06 UTC 2024
Kernel version:          6.8.0-31-generic
Architecture:            x86_64
Available memory:        15749 MB
Using pre-set license
Pro License: YES
Gtk-Message: 11:02:19.160: Failed to load module "canberra-gtk-module"
Gtk-Message: 11:02:19.161: Failed to load module "canberra-gtk-module"

(Unity:1591): Gtk-CRITICAL **: 11:02:19.170: gtk_window_set_default_icon: assertion 'GDK_IS_PIXBUF (icon)' failed

(Unity:1591): GLib-GObject-CRITICAL **: 11:02:19.170: g_object_unref: assertion 'G_IS_OBJECT (object)' failed
Desktop is 1920 x 1080 @ 60 Hz
Initialize udev device monitor.

COMMAND LINE ARGUMENTS:
Unity
-adb2
-batchMode
-noUpm
-name
AssetImportWorker0
-projectPath
/home/jwmatthys/Unity/barnyard-tower-defense-unity/Barnyard Tower Defense
-logFile
Logs/AssetImportWorker0.log
-srvPort
43625
Successfully changed project path to: /home/jwmatthys/Unity/barnyard-tower-defense-unity/Barnyard Tower Defense
/home/jwmatthys/Unity/barnyard-tower-defense-unity/Barnyard Tower Defense
[UnityMemory] Configuration Parameters - Can be set up in boot.config
    "memorysetup-bucket-allocator-granularity=16"
    "memorysetup-bucket-allocator-bucket-count=8"
    "memorysetup-bucket-allocator-block-size=33554432"
    "memorysetup-bucket-allocator-block-count=8"
    "memorysetup-main-allocator-block-size=16777216"
    "memorysetup-thread-allocator-block-size=16777216"
    "memorysetup-gfx-main-allocator-block-size=16777216"
    "memorysetup-gfx-thread-allocator-block-size=16777216"
    "memorysetup-cache-allocator-block-size=4194304"
    "memorysetup-typetree-allocator-block-size=2097152"
    "memorysetup-profiler-bucket-allocator-granularity=16"
    "memorysetup-profiler-bucket-allocator-bucket-count=8"
    "memorysetup-profiler-bucket-allocator-block-size=33554432"
    "memorysetup-profiler-bucket-allocator-block-count=8"
    "memorysetup-profiler-allocator-block-size=16777216"
    "memorysetup-profiler-editor-allocator-block-size=1048576"
    "memorysetup-temp-allocator-size-main=16777216"
    "memorysetup-job-temp-allocator-block-size=2097152"
    "memorysetup-job-temp-allocator-block-size-background=1048576"
    "memorysetup-job-temp-allocator-reduction-small-platforms=262144"
    "memorysetup-allocator-temp-initial-block-size-main=262144"
    "memorysetup-allocator-temp-initial-block-size-worker=262144"
    "memorysetup-temp-allocator-size-background-worker=32768"
    "memorysetup-temp-allocator-size-job-worker=262144"
    "memorysetup-temp-allocator-size-preload-manager=33554432"
    "memorysetup-temp-allocator-size-nav-mesh-worker=65536"
    "memorysetup-temp-allocator-size-audio-worker=65536"
    "memorysetup-temp-allocator-size-cloud-worker=32768"
    "memorysetup-temp-allocator-size-gi-baking-worker=262144"
    "memorysetup-temp-allocator-size-gfx=262144"
Player connection [139794013717184] Host "[IP] 192.168.1.67 [Port] 0 [Flags] 2 [Guid] 1299077872 [EditorId] 1299077872 [Version] 1048832 [Id] LinuxEditor(16,192.168.1.67) [Debug] 1 [PackageName] LinuxEditor [ProjectName] Editor" joined multi-casting on [225.0.0.222:54997]...

Player connection [139794013717184] Host "[IP] 192.168.1.67 [Port] 0 [Flags] 2 [Guid] 1299077872 [EditorId] 1299077872 [Version] 1048832 [Id] LinuxEditor(16,192.168.1.67) [Debug] 1 [PackageName] LinuxEditor [ProjectName] Editor" joined alternative multi-casting on [225.0.0.222:34997]...

[Physics::Module] Initialized MultithreadedJobDispatcher with 11 workers.
Refreshing native plugins compatible for Editor in 3.53 ms, found 0 plugins.
Preloading 0 native plugins for Editor in 0.00 ms.
Initialize engine version: 2022.3.26f1 (ec6cd8118806)
[Subsystems] Discovering subsystems at path /home/jwmatthys/Unity/Hub/Editor/2022.3.26f1/Editor/Data/Resources/UnitySubsystems
[Subsystems] Discovering subsystems at path /home/jwmatthys/Unity/barnyard-tower-defense-unity/Barnyard Tower Defense/Assets
GLX Extensions: GLX_ARB_get_proc_address GLX_ARB_multisample GLX_EXT_visual_info GLX_EXT_visual_rating GLX_EXT_import_context GLX_SGI_video_sync GLX_NV_swap_group GLX_SGIX_fbconfig GLX_SGIX_pbuffer GLX_SGI_swap_control GLX_EXT_swap_control GLX_EXT_swap_control_tear GLX_EXT_buffer_age GLX_ARB_create_context GLX_ARB_create_context_profile GLX_NV_float_buffer GLX_ARB_fbconfig_float GLX_EXT_texture_from_pixmap GLX_EXT_framebuffer_sRGB GLX_NV_copy_image GLX_NV_copy_buffer GLX_EXT_create_context_es_profile GLX_EXT_create_context_es2_profile GLX_ARB_create_context_no_error GLX_ARB_create_context_robustness GLX_NV_delay_before_swap GLX_EXT_stereo_tree GLX_ARB_context_flush_control GLX_NV_robustness_video_memory_purge GLX_NV_multigpu_context 
Renderer: Quadro P2000/PCIe/SSE2
Vendor:   NVIDIA Corporation
Version:  4.5.0 NVIDIA 535.171.04
GLES:     0
 GL_AMD_multi_draw_indirect GL_AMD_seamless_cubemap_per_texture GL_AMD_vertex_shader_viewport_index GL_AMD_vertex_shader_layer GL_ARB_arrays_of_arrays GL_ARB_base_instance GL_ARB_bindless_texture GL_ARB_blend_func_extended GL_ARB_buffer_storage GL_ARB_cl_event GL_ARB_clear_buffer_object GL_ARB_clear_texture GL_ARB_clip_control GL_ARB_color_buffer_float GL_ARB_compressed_texture_pixel_storage GL_ARB_conservative_depth GL_ARB_compute_shader GL_ARB_compute_variable_group_size GL_ARB_conditional_render_inverted GL_ARB_copy_buffer GL_ARB_copy_image GL_ARB_cull_distance GL_ARB_debug_output GL_ARB_depth_buffer_float GL_ARB_depth_clamp GL_ARB_depth_texture GL_ARB_derivative_control GL_ARB_direct_state_access GL_ARB_draw_buffers GL_ARB_draw_buffers_blend GL_ARB_draw_indirect GL_ARB_draw_elements_base_vertex GL_ARB_draw_instanced GL_ARB_enhanced_layouts GL_ARB_ES2_compatibility GL_ARB_ES3_compatibility GL_ARB_ES3_1_compatibility GL_ARB_ES3_2_compatibility GL_ARB_explicit_attrib_location GL_ARB_explicit_uniform_locatio
n GL_ARB_fragment_coord_conventions GL_ARB_fragment_layer_viewport GL_ARB_fragment_program GL_ARB_fragment_program_shadow GL_ARB_fragment_shader GL_ARB_fragment_shader_interlock GL_ARB_framebuffer_no_attachments GL_ARB_framebuffer_object GL_ARB_framebuffer_sRGB GL_ARB_geometry_shader4 GL_ARB_get_program_binary GL_ARB_get_texture_sub_image GL_ARB_gl_spirv GL_ARB_gpu_shader5 GL_ARB_gpu_shader_fp64 GL_ARB_gpu_shader_int64 GL_ARB_half_float_pixel GL_ARB_half_float_vertex GL_ARB_imaging GL_ARB_indirect_parameters GL_ARB_instanced_arrays GL_ARB_internalformat_query GL_ARB_internalformat_query2 GL_ARB_invalidate_subdata GL_ARB_map_buffer_alignment GL_ARB_map_buffer_range GL_ARB_multi_bind GL_ARB_multi_draw_indirect GL_ARB_multisample GL_ARB_multitexture GL_ARB_occlusion_query GL_ARB_occlusion_query2 GL_ARB_parallel_shader_compile GL_ARB_pipeline_statistics_query GL_ARB_pixel_buffer_object GL_ARB_point_parameters GL_ARB_point_sprite GL_ARB_polygon_offset_clamp GL_ARB_post_depth_coverage GL_ARB_program_interface_quer
y GL_ARB_provoking_vertex GL_ARB_query_buffer_object GL_ARB_robust_buffer_access_behavior GL_ARB_robustness GL_ARB_sample_locations GL_ARB_sample_shading GL_ARB_sampler_objects GL_ARB_seamless_cube_map GL_ARB_seamless_cubemap_per_texture GL_ARB_separate_shader_objects GL_ARB_shader_atomic_counter_ops GL_ARB_shader_atomic_counters GL_ARB_shader_ballot GL_ARB_shader_bit_encoding GL_ARB_shader_clock GL_ARB_shader_draw_parameters GL_ARB_shader_group_vote GL_ARB_shader_image_load_store GL_ARB_shader_image_size GL_ARB_shader_objects GL_ARB_shader_precision GL_ARB_shader_storage_buffer_object GL_ARB_shader_subroutine GL_ARB_shader_texture_image_samples GL_ARB_shader_texture_lod GL_ARB_shading_language_100 GL_ARB_shader_viewport_layer_array GL_ARB_shading_language_420pack GL_ARB_shading_language_include GL_ARB_shading_language_packing GL_ARB_shadow GL_ARB_sparse_buffer GL_ARB_sparse_texture GL_ARB_sparse_texture2 GL_ARB_sparse_texture_clamp GL_ARB_spirv_extensions GL_ARB_stencil_texturing GL_ARB_sync GL_ARB_tessella
tion_shader GL_ARB_texture_barrier GL_ARB_texture_border_clamp GL_ARB_texture_buffer_object GL_ARB_texture_buffer_object_rgb32 GL_ARB_texture_buffer_range GL_ARB_texture_compression GL_ARB_texture_compression_bptc GL_ARB_texture_compression_rgtc GL_ARB_texture_cube_map GL_ARB_texture_cube_map_array GL_ARB_texture_env_add GL_ARB_texture_env_combine GL_ARB_texture_env_crossbar GL_ARB_texture_env_dot3 GL_ARB_texture_filter_anisotropic GL_ARB_texture_filter_minmax GL_ARB_texture_float GL_ARB_texture_gather GL_ARB_texture_mirror_clamp_to_edge GL_ARB_texture_mirrored_repeat GL_ARB_texture_multisample GL_ARB_texture_non_power_of_two GL_ARB_texture_query_levels GL_ARB_texture_query_lod GL_ARB_texture_rectangle GL_ARB_texture_rg GL_ARB_texture_rgb10_a2ui GL_ARB_texture_stencil8 GL_ARB_texture_storage GL_ARB_texture_storage_multisample GL_ARB_texture_swizzle GL_ARB_texture_view GL_ARB_timer_query GL_ARB_transform_feedback2 GL_ARB_transform_feedback3 GL_ARB_transform_feedback_instanced GL_ARB_transform_feedback_overflo
w_query GL_ARB_transpose_matrix GL_ARB_uniform_buffer_object GL_ARB_vertex_array_bgra GL_ARB_vertex_array_object GL_ARB_vertex_attrib_64bit GL_ARB_vertex_attrib_binding GL_ARB_vertex_buffer_object GL_ARB_vertex_program GL_ARB_vertex_shader GL_ARB_vertex_type_10f_11f_11f_rev GL_ARB_vertex_type_2_10_10_10_rev GL_ARB_viewport_array GL_ARB_window_pos GL_ATI_draw_buffers GL_ATI_texture_float GL_ATI_texture_mirror_once GL_S3_s3tc GL_EXT_texture_env_add GL_EXT_abgr GL_EXT_bgra GL_EXT_bindable_uniform GL_EXT_blend_color GL_EXT_blend_equation_separate GL_EXT_blend_func_separate GL_EXT_blend_minmax GL_EXT_blend_subtract GL_EXT_compiled_vertex_array GL_EXT_Cg_shader GL_EXT_depth_bounds_test GL_EXT_direct_state_access GL_EXT_draw_buffers2 GL_EXT_draw_instanced GL_EXT_draw_range_elements GL_EXT_fog_coord GL_EXT_framebuffer_blit GL_EXT_framebuffer_multisample GL_EXTX_framebuffer_mixed_formats GL_EXT_framebuffer_multisample_blit_scaled GL_EXT_framebuffer_object GL_EXT_framebuffer_sRGB GL_EXT_geometry_shader4 GL_EXT_gpu_pro
gram_parameters GL_EXT_gpu_shader4 GL_EXT_multi_draw_arrays GL_EXT_multiview_tessellation_geometry_shader GL_EXT_multiview_texture_multisample GL_EXT_multiview_timer_query GL_EXT_packed_depth_stencil GL_EXT_packed_float GL_EXT_packed_pixels GL_EXT_pixel_buffer_object GL_EXT_point_parameters GL_EXT_polygon_offset_clamp GL_EXT_post_depth_coverage GL_EXT_provoking_vertex GL_EXT_raster_multisample GL_EXT_rescale_normal GL_EXT_secondary_color GL_EXT_separate_shader_objects GL_EXT_separate_specular_color GL_EXT_shader_image_load_formatted GL_EXT_shader_image_load_store GL_EXT_shader_integer_mix GL_EXT_shadow_funcs GL_EXT_sparse_texture2 GL_EXT_stencil_two_side GL_EXT_stencil_wrap GL_EXT_texture3D GL_EXT_texture_array GL_EXT_texture_buffer_object GL_EXT_texture_compression_dxt1 GL_EXT_texture_compression_latc GL_EXT_texture_compression_rgtc GL_EXT_texture_compression_s3tc GL_EXT_texture_cube_map GL_EXT_texture_edge_clamp GL_EXT_texture_env_combine GL_EXT_texture_env_dot3 GL_EXT_texture_filter_anisotropic GL_EXT_tex
ture_filter_minmax GL_EXT_texture_integer GL_EXT_texture_lod GL_EXT_texture_lod_bias GL_EXT_texture_mirror_clamp GL_EXT_texture_object GL_EXT_texture_shadow_lod GL_EXT_texture_shared_exponent GL_EXT_texture_sRGB GL_EXT_texture_sRGB_R8 GL_EXT_texture_sRGB_decode GL_EXT_texture_storage GL_EXT_texture_swizzle GL_EXT_timer_query GL_EXT_transform_feedback2 GL_EXT_vertex_array GL_EXT_vertex_array_bgra GL_EXT_vertex_attrib_64bit GL_EXT_window_rectangles GL_EXT_x11_sync_object GL_EXT_import_sync_object GL_NV_robustness_video_memory_purge GL_IBM_rasterpos_clip GL_IBM_texture_mirrored_repeat GL_KHR_context_flush_control GL_KHR_debug GL_EXT_memory_object GL_EXT_memory_object_fd GL_NV_memory_object_sparse GL_KHR_parallel_shader_compile GL_KHR_no_error GL_KHR_robust_buffer_access_behavior GL_KHR_robustness GL_EXT_semaphore GL_EXT_semaphore_fd GL_NV_timeline_semaphore GL_KHR_shader_subgroup GL_KTX_buffer_region GL_NV_alpha_to_coverage_dither_control GL_NV_bindless_multi_draw_indirect GL_NV_bindless_multi_draw_indirect_cou
nt GL_NV_bindless_texture GL_NV_blend_equation_advanced GL_NV_blend_equation_advanced_coherent GL_NVX_blend_equation_advanced_multi_draw_buffers GL_NV_blend_minmax_factor GL_NV_blend_square GL_NV_clip_space_w_scaling GL_NV_command_list GL_NV_compute_program5 GL_NV_conditional_render GL_NV_conservative_raster GL_NV_conservative_raster_dilate GL_NV_conservative_raster_pre_snap_triangles GL_NV_copy_depth_to_color GL_NV_copy_image GL_NV_deep_texture3D GL_NV_depth_buffer_float GL_NV_depth_clamp GL_NV_draw_texture GL_NV_draw_vulkan_image GL_NV_ES1_1_compatibility GL_NV_ES3_1_compatibility GL_NV_explicit_multisample GL_NV_feature_query GL_NV_fence GL_NV_fill_rectangle GL_NV_float_buffer GL_NV_fog_distance GL_NV_fragment_coverage_to_color GL_NV_fragment_program GL_NV_fragment_program_option GL_NV_fragment_program2 GL_NV_fragment_shader_interlock GL_NV_framebuffer_mixed_samples GL_NV_framebuffer_multisample_coverage GL_NV_geometry_shader4 GL_NV_geometry_shader_passthrough GL_NV_gpu_program4 GL_NV_internalformat_sampl
e_query GL_NV_gpu_program4_1 GL_NV_gpu_program5 GL_NV_gpu_program5_mem_extended GL_NV_gpu_program_fp64 GL_NV_gpu_shader5 GL_NV_half_float GL_NV_light_max_exponent GL_NV_memory_attachment GL_NV_multisample_coverage GL_NV_multisample_filter_hint GL_NV_occlusion_query GL_NV_packed_depth_stencil GL_NV_parameter_buffer_object GL_NV_parameter_buffer_object2 GL_NV_path_rendering GL_NV_path_rendering_shared_edge GL_NV_pixel_data_range GL_NV_point_sprite GL_NV_primitive_restart GL_NV_query_resource GL_NV_query_resource_tag GL_NV_register_combiners GL_NV_register_combiners2 GL_NV_sample_locations GL_NV_sample_mask_override_coverage GL_NV_shader_atomic_counters GL_NV_shader_atomic_float GL_NV_shader_atomic_float64 GL_NV_shader_atomic_fp16_vector GL_NV_shader_atomic_int64 GL_NV_shader_buffer_load GL_NV_shader_storage_buffer_object GL_NV_shader_subgroup_partitioned GL_NV_stereo_view_rendering GL_NV_texgen_reflection GL_NV_texture_barrier GL_NV_texture_compression_vtc GL_NV_texture_env_combine4 GL_NV_texture_multisample G
L_NV_texture_rectangle GL_NV_texture_rectangle_compressed GL_NV_texture_shader GL_NV_texture_shader2 GL_NV_texture_shader3 GL_NV_transform_feedback GL_NV_transform_feedback2 GL_NV_uniform_buffer_unified_memory GL_NV_uniform_buffer_std430_layout GL_NV_vdpau_interop GL_NV_vdpau_interop2 GL_NV_vertex_array_range GL_NV_vertex_array_range2 GL_NV_vertex_attrib_integer_64bit GL_NV_vertex_buffer_unified_memory GL_NV_vertex_program GL_NV_vertex_program1_1 GL_NV_vertex_program2 GL_NV_vertex_program2_option GL_NV_vertex_program3 GL_NV_viewport_array2 GL_NV_viewport_swizzle GL_NVX_conditional_render GL_NV_gpu_multicast GL_NVX_progress_fence GL_NVX_gpu_memory_info GL_NVX_nvenc_interop GL_NV_shader_thread_group GL_NV_shader_thread_shuffle GL_KHR_blend_equation_advanced GL_KHR_blend_equation_advanced_coherent GL_OVR_multiview GL_OVR_multiview2 GL_SGIS_generate_mipmap GL_SGIS_texture_lod GL_SGIX_depth_texture GL_SGIX_shadow GL_SUN_slice_accum
OPENGL LOG: Creating OpenGL 4.5 graphics device ; Context level  <OpenGL 4.5> ; Context handle -728698568
Initialize mono
Mono path[0] = '/home/jwmatthys/Unity/Hub/Editor/2022.3.26f1/Editor/Data/Managed'
Mono path[1] = '/home/jwmatthys/Unity/Hub/Editor/2022.3.26f1/Editor/Data/MonoBleedingEdge/lib/mono/unityjit-linux'
Mono config path = '/home/jwmatthys/Unity/Hub/Editor/2022.3.26f1/Editor/Data/MonoBleedingEdge/etc'
Using monoOptions --debugger-agent=transport=dt_socket,embedding=1,server=y,suspend=n,address=127.0.0.1:56591
Begin MonoManager ReloadAssembly
Registering precompiled unity dll's ...
Register platform support module: /home/jwmatthys/Unity/Hub/Editor/2022.3.26f1/Editor/Data/PlaybackEngines/WebGLSupport/UnityEditor.WebGL.Extensions.dll
Register platform support module: /home/jwmatthys/Unity/Hub/Editor/2022.3.26f1/Editor/Data/PlaybackEngines/LinuxStandaloneSupport/UnityEditor.LinuxStandalone.Extensions.dll
Registered in 0.010301 seconds.
- Loaded All Assemblies, in  0.408 seconds
Native extension for LinuxStandalone target not found
Native extension for WebGL target not found
Mono: successfully reloaded assembly
- Finished resetting the current domain, in  0.391 seconds
Domain Reload Profiling: 799ms
	BeginReloadAssembly (95ms)
		ExecutionOrderSort (0ms)
		DisableScriptedObjects (0ms)
		BackupInstance (0ms)
		ReleaseScriptingObjects (0ms)
		CreateAndSetChildDomain (1ms)
	RebuildCommonClasses (59ms)
	RebuildNativeTypeToScriptingClass (15ms)
	initialDomainReloadingComplete (72ms)
	LoadAllAssembliesAndSetupDomain (167ms)
		LoadAssemblies (94ms)
		RebuildTransferFunctionScriptingTraits (0ms)
		AnalyzeDomain (165ms)
			TypeCache.Refresh (163ms)
				TypeCache.ScanAssembly (148ms)
			ScanForSourceGeneratedMonoScriptInfo (0ms)
			ResolveRequiredComponents (1ms)
	FinalizeReload (391ms)
		ReleaseScriptCaches (0ms)
		RebuildScriptCaches (0ms)
		SetupLoadedEditorAssemblies (315ms)
			LogAssemblyErrors (0ms)
			InitializePlatformSupportModulesInManaged (43ms)
			SetLoadedEditorAssemblies (7ms)
			RefreshPlugins (0ms)
			BeforeProcessingInitializeOnLoad (4ms)
			ProcessInitializeOnLoadAttributes (201ms)
			ProcessInitializeOnLoadMethodAttributes (60ms)
			AfterProcessingInitializeOnLoad (0ms)
			EditorAssembliesLoaded (0ms)
		ExecutionOrderSort2 (0ms)
		AwakeInstancesAfterBackupRestoration (0ms)
========================================================================
Worker process is ready to serve import requests
Begin MonoManager ReloadAssembly
- Loaded All Assemblies, in  0.693 seconds
Refreshing native plugins compatible for Editor in 1.18 ms, found 0 plugins.
Native extension for LinuxStandalone target not found
Native extension for WebGL target not found
Package Manager log level set to [2]
[Package Manager] Server::EnsureServerProcessIsRunning -- launch failed, reason: Unity was launched with the -noUpm command-line argument
[Package Manager] UpmClient::Send -- Unable to send message (not connected to UPM process).
[Package Manager] Cannot connect to Unity Package Manager local server
Mono: successfully reloaded assembly
- Finished resetting the current domain, in  0.748 seconds
Domain Reload Profiling: 1441ms
	BeginReloadAssembly (147ms)
		ExecutionOrderSort (0ms)
		DisableScriptedObjects (6ms)
		BackupInstance (0ms)
		ReleaseScriptingObjects (0ms)
		CreateAndSetChildDomain (32ms)
	RebuildCommonClasses (44ms)
	RebuildNativeTypeToScriptingClass (10ms)
	initialDomainReloadingComplete (54ms)
	LoadAllAssembliesAndSetupDomain (439ms)
		LoadAssemblies (289ms)
		RebuildTransferFunctionScriptingTraits (0ms)
		AnalyzeDomain (217ms)
			TypeCache.Refresh (191ms)
				TypeCache.ScanAssembly (174ms)
			ScanForSourceGeneratedMonoScriptInfo (18ms)
			ResolveRequiredComponents (6ms)
	FinalizeReload (748ms)
		ReleaseScriptCaches (0ms)
		RebuildScriptCaches (0ms)
		SetupLoadedEditorAssemblies (547ms)
			LogAssemblyErrors (0ms)
			InitializePlatformSupportModulesInManaged (40ms)
			SetLoadedEditorAssemblies (7ms)
			RefreshPlugins (0ms)
			BeforeProcessingInitializeOnLoad (94ms)
			ProcessInitializeOnLoadAttributes (372ms)
			ProcessInitializeOnLoadMethodAttributes (28ms)
			AfterProcessingInitializeOnLoad (6ms)
			EditorAssembliesLoaded (0ms)
		ExecutionOrderSort2 (0ms)
		AwakeInstancesAfterBackupRestoration (5ms)
Launched and connected shader compiler UnityShaderCompiler after 0.01 seconds
Refreshing native plugins compatible for Editor in 1.21 ms, found 0 plugins.
Preloading 0 native plugins for Editor in 0.00 ms.
Unloading 3124 Unused Serialized files (Serialized files now loaded: 0)
Unloading 33 unused Assets / (48.6 KB). Loaded Objects now: 3585.
Memory consumption went from 121.6 MB to 121.6 MB.
Total: 4.492834 ms (FindLiveObjects: 0.220032 ms CreateObjectMapping: 0.211512 ms MarkObjects: 3.737970 ms  DeleteObjects: 0.320967 ms)

AssetImportParameters requested are different than current active one (requested -> active):
  custom:container-demuxer-ogg: 62fdf1f143b41e24485cea50d1cbac27 -> 
  custom:video-decoder-ogg-theora: a1e56fd34408186e4bbccfd4996cb3dc -> 
  custom:CustomObjectIndexerAttribute: 232f87dd983dbecb2a4e21e08eb2cef8 -> 
  custom:container-demuxer-webm: 4f35f7cbe854078d1ac9338744f61a02 -> 
  custom:container-muxer-webm: aa71ff27fc2769a1b78a27578f13a17b -> 
  custom:video-decoder-webm-vp8: 9c59270c3fd7afecdb556c50c9e8de78 -> 
  custom:SearchIndexIgnoredProperties: e643bd26f0fe6173181afceb89e7c659 -> 
  custom:AudioImporter_EditorPlatform: 2f0ff77a95e0ac474e3e8eeba4e2f7cb -> 
  custom:video-encoder-webm-vp8: eb34c28f22e8b96e1ab97ce403110664 -> 
  custom:audio-decoder-ogg-vorbis: bf7c407c2cedff20999df2af8eb42d56 -> 
  custom:audio-encoder-webm-vorbis: bf7c407c2cedff20999df2af8eb42d56 -> 
========================================================================
Received Import Request.
  Time since last request: 41416.431378 seconds.
  path: Assets/Scripts/ObjectPool.cs
  artifactKey: Guid(be2c4608c5eeca0d2a5e4cb415e4c68c) Importer(815301076,1909f56bfc062723c751e8b465ee728b)
Start importing Assets/Scripts/ObjectPool.cs using Guid(be2c4608c5eeca0d2a5e4cb415e4c68c) Importer(815301076,1909f56bfc062723c751e8b465ee728b)  -> (artifact id: 'bd690ef3420c79b2d1ea50671597d7ed') in 0.002300 seconds
Number of updated asset objects reloaded before import = 0
Number of asset objects unloaded after import = 0
========================================================================
Received Import Request.
  Time since last request: 0.000024 seconds.
  path: Assets/Scripts
  artifactKey: Guid(ed43cd51853a288b99627a051a15d37c) Importer(815301076,1909f56bfc062723c751e8b465ee728b)
Start importing Assets/Scripts using Guid(ed43cd51853a288b99627a051a15d37c) Importer(815301076,1909f56bfc062723c751e8b465ee728b)  -> (artifact id: '7a40ac3e92ae2aff734ba4f0fb3580e5') in 0.000263 seconds
Number of updated asset objects reloaded before import = 0
Number of asset objects unloaded after import = 0
========================================================================
Received Import Request.
  Time since last request: 290.030269 seconds.
  path: Assets/Prefabs/Tile.prefab
  artifactKey: Guid(845f30c28130b7698a7d93c2d5a7e56a) Importer(815301076,1909f56bfc062723c751e8b465ee728b)
Start importing Assets/Prefabs/Tile.prefab using Guid(845f30c28130b7698a7d93c2d5a7e56a) Importer(815301076,1909f56bfc062723c751e8b465ee728b)  -> (artifact id: '71c330347fa97c692505f6b2663e3d6e') in 0.146000 seconds
Number of updated asset objects reloaded before import = 0
Number of asset objects unloaded after import = 90
========================================================================
Received Import Request.
  Time since last request: 118.071386 seconds.
  path: Assets/AssetPacks/VoxelCastle
  artifactKey: Guid(cefb95726d83e364a8b05b45388fb745) Importer(815301076,1909f56bfc062723c751e8b465ee728b)
Start importing Assets/AssetPacks/VoxelCastle using Guid(cefb95726d83e364a8b05b45388fb745) Importer(815301076,1909f56bfc062723c751e8b465ee728b)  -> (artifact id: 'b6427cd5e75ac18200660660b9313396') in 0.000343 seconds
Number of updated asset objects reloaded before import = 0
Number of asset objects unloaded after import = 0
========================================================================
Received Import Request.
  Time since last request: 2.006752 seconds.
  path: Assets/AssetPacks/VoxelCastle/Models
  artifactKey: Guid(06cdbb83bf449b949b481f4e3754af14) Importer(815301076,1909f56bfc062723c751e8b465ee728b)
Start importing Assets/AssetPacks/VoxelCastle/Models using Guid(06cdbb83bf449b949b481f4e3754af14) Importer(815301076,1909f56bfc062723c751e8b465ee728b)  -> (artifact id: '590769ea72f3eee520204a9f86208565') in 0.000295 seconds
Number of updated asset objects reloaded before import = 0
Number of asset objects unloaded after import = 0
========================================================================
Received Import Request.
  Time since last request: 3.705975 seconds.
  path: Assets/AssetPacks/VoxelCastle/Prefabs
  artifactKey: Guid(0810c18387c203643b2bc85ab582fdff) Importer(815301076,1909f56bfc062723c751e8b465ee728b)
Start importing Assets/AssetPacks/VoxelCastle/Prefabs using Guid(0810c18387c203643b2bc85ab582fdff) Importer(815301076,1909f56bfc062723c751e8b465ee728b)  -> (artifact id: '70c04e2a6b0bd31a03d2c896c73f8bb0') in 0.000321 seconds
Number of updated asset objects reloaded before import = 0
Number of asset objects unloaded after import = 0
========================================================================
Received Import Request.
  Time since last request: 14.101903 seconds.
  path: Assets/AssetPacks/VoxelCastle/Prefabs/Gate_1.prefab
  artifactKey: Guid(d0127103aeb54ed45b71e686472ac405) Importer(815301076,1909f56bfc062723c751e8b465ee728b)
Start importing Assets/AssetPacks/VoxelCastle/Prefabs/Gate_1.prefab using Guid(d0127103aeb54ed45b71e686472ac405) Importer(815301076,1909f56bfc062723c751e8b465ee728b)  -> (artifact id: 'c2a1c9d3085f7df4a48a1934171cfcc7') in 0.007328 seconds
Number of updated asset objects reloaded before import = 0
Number of asset objects unloaded after import = 19
========================================================================
Received Import Request.
  Time since last request: 1.142037 seconds.
  path: Assets/AssetPacks/VoxelCastle/Prefabs/Grass.prefab
  artifactKey: Guid(8268644ef66d0e148bce09f9dea8a666) Importer(815301076,1909f56bfc062723c751e8b465ee728b)
Start importing Assets/AssetPacks/VoxelCastle/Prefabs/Grass.prefab using Guid(8268644ef66d0e148bce09f9dea8a666) Importer(815301076,1909f56bfc062723c751e8b465ee728b)  -> (artifact id: '52aa72646b7783ec45f76af290a9911a') in 0.007497 seconds
Number of updated asset objects reloaded before import = 0
Number of asset objects unloaded after import = 18
========================================================================
Received Import Request.
  Time since last request: 1.170431 seconds.
  path: Assets/AssetPacks/VoxelCastle/Prefabs/Road_Corner.prefab
  artifactKey: Guid(7f00dff95729de9419a7a7c73f5e038f) Importer(815301076,1909f56bfc062723c751e8b465ee728b)
Start importing Assets/AssetPacks/VoxelCastle/Prefabs/Road_Corner.prefab using Guid(7f00dff95729de9419a7a7c73f5e038f) Importer(815301076,1909f56bfc062723c751e8b465ee728b)  -> (artifact id: '4f94807d09211286df39f89984e3eeb7') in 0.005455 seconds
Number of updated asset objects reloaded before import = 0
Number of asset objects unloaded after import = 18
========================================================================
Received Import Request.
  Time since last request: 0.730734 seconds.
  path: Assets/AssetPacks/VoxelCastle/Prefabs/Road_Straight.prefab
  artifactKey: Guid(516bafc615be66c4ab287e43b2c75817) Importer(815301076,1909f56bfc062723c751e8b465ee728b)
Start importing Assets/AssetPacks/VoxelCastle/Prefabs/Road_Straight.prefab using Guid(516bafc615be66c4ab287e43b2c75817) Importer(815301076,1909f56bfc062723c751e8b465ee728b)  -> (artifact id: 'a42c33d8ea9bf0909a47331087e50f64') in 0.007859 seconds
Number of updated asset objects reloaded before import = 0
Number of asset objects unloaded after import = 18
========================================================================
Received Import Request.
  Time since last request: 0.755954 seconds.
  path: Assets/AssetPacks/VoxelCastle/Prefabs/Shore_1.prefab
  artifactKey: Guid(ced0806bb3a17fd42bfe8fe5f0c2faa9) Importer(815301076,1909f56bfc062723c751e8b465ee728b)
Start importing Assets/AssetPacks/VoxelCastle/Prefabs/Shore_1.prefab using Guid(ced0806bb3a17fd42bfe8fe5f0c2faa9) Importer(815301076,1909f56bfc062723c751e8b465ee728b)  -> (artifact id: '65182d01c6457c8032a0e85604185ef4') in 0.006815 seconds
Number of updated asset objects reloaded before import = 0
Number of asset objects unloaded after import = 18
========================================================================
Received Import Request.
  Time since last request: 1.392478 seconds.
  path: Assets/AssetPacks/VoxelCastle/Prefabs/Shore_2.prefab
  artifactKey: Guid(be3e859d916267f489f694bfa840a7b3) Importer(815301076,1909f56bfc062723c751e8b465ee728b)
Start importing Assets/AssetPacks/VoxelCastle/Prefabs/Shore_2.prefab using Guid(be3e859d916267f489f694bfa840a7b3) Importer(815301076,1909f56bfc062723c751e8b465ee728b)  -> (artifact id: '1eb87c49a17ad0168f47017513144edd') in 0.008284 seconds
Number of updated asset objects reloaded before import = 0
Number of asset objects unloaded after import = 18
========================================================================
Received Import Request.
  Time since last request: 0.844073 seconds.
  path: Assets/AssetPacks/VoxelCastle/Prefabs/Shore_3.prefab
  artifactKey: Guid(09b5f3214c0f1ac4a98d9eb6975d5c50) Importer(815301076,1909f56bfc062723c751e8b465ee728b)
Start importing Assets/AssetPacks/VoxelCastle/Prefabs/Shore_3.prefab using Guid(09b5f3214c0f1ac4a98d9eb6975d5c50) Importer(815301076,1909f56bfc062723c751e8b465ee728b)  -> (artifact id: '66ce2720cee5ce0d0b5eff06431123b0') in 0.005073 seconds
Number of updated asset objects reloaded before import = 0
Number of asset objects unloaded after import = 18
========================================================================
Received Import Request.
  Time since last request: 30.067084 seconds.
  path: Assets/AssetPacks/VoxelCastle/Prefabs/Tree_Group.prefab
  artifactKey: Guid(7fb8d74871fa9c74cab9389cd54e2860) Importer(815301076,1909f56bfc062723c751e8b465ee728b)
Start importing Assets/AssetPacks/VoxelCastle/Prefabs/Tree_Group.prefab using Guid(7fb8d74871fa9c74cab9389cd54e2860) Importer(815301076,1909f56bfc062723c751e8b465ee728b)  -> (artifact id: '43ba8e5917058d179326469db15023d3') in 0.006559 seconds
Number of updated asset objects reloaded before import = 0
Number of asset objects unloaded after import = 18
========================================================================
Received Import Request.
  Time since last request: 1.108099 seconds.
  path: Assets/AssetPacks/VoxelCastle/Prefabs/Tree_Large.prefab
  artifactKey: Guid(e087f990d0ffa4f4c9f7dcf9b9f96eae) Importer(815301076,1909f56bfc062723c751e8b465ee728b)
Start importing Assets/AssetPacks/VoxelCastle/Prefabs/Tree_Large.prefab using Guid(e087f990d0ffa4f4c9f7dcf9b9f96eae) Importer(815301076,1909f56bfc062723c751e8b465ee728b)  -> (artifact id: 'd141f99cdffea22136897bf024fdf785') in 0.008135 seconds
Number of updated asset objects reloaded before import = 0
Number of asset objects unloaded after import = 18
========================================================================
Received Import Request.
  Time since last request: 2.940089 seconds.
  path: Assets/AssetPacks/VoxelCastle/Prefabs/Wall_In.prefab
  artifactKey: Guid(34e4951a39dba9449b7dc9d52534cd97) Importer(815301076,1909f56bfc062723c751e8b465ee728b)
Start importing Assets/AssetPacks/VoxelCastle/Prefabs/Wall_In.prefab using Guid(34e4951a39dba9449b7dc9d52534cd97) Importer(815301076,1909f56bfc062723c751e8b465ee728b)  -> (artifact id: '9312e490ec913d23da1d63c020ceca1a') in 0.007332 seconds
Number of updated asset objects reloaded before import = 0
Number of asset objects unloaded after import = 19
========================================================================
Received Import Request.
  Time since last request: 0.825232 seconds.
  path: Assets/AssetPacks/VoxelCastle/Prefabs/Wall_Out.prefab
  artifactKey: Guid(3f03f263d000f954a8885a417e678a85) Importer(815301076,1909f56bfc062723c751e8b465ee728b)
Start importing Assets/AssetPacks/VoxelCastle/Prefabs/Wall_Out.prefab using Guid(3f03f263d000f954a8885a417e678a85) Importer(815301076,1909f56bfc062723c751e8b465ee728b)  -> (artifact id: '1d76f8b65e90c7c6669ff5144df66bc2') in 0.008204 seconds
Number of updated asset objects reloaded before import = 0
Number of asset objects unloaded after import = 19
========================================================================
Received Import Request.
  Time since last request: 1.680490 seconds.
  path: Assets/AssetPacks/VoxelCastle/Prefabs/Water.prefab
  artifactKey: Guid(437f4c0ccc35e824fac7b91fa50716d5) Importer(815301076,1909f56bfc062723c751e8b465ee728b)
Start importing Assets/AssetPacks/VoxelCastle/Prefabs/Water.prefab using Guid(437f4c0ccc35e824fac7b91fa50716d5) Importer(815301076,1909f56bfc062723c751e8b465ee728b)  -> (artifact id: 'b2c2666445cfc2efb50778a5743c8d36') in 0.008059 seconds
Number of updated asset objects reloaded before import = 0
Number of asset objects unloaded after import = 18
========================================================================
Received Import Request.
  Time since last request: 17.193493 seconds.
  path: Assets/Prefabs/Tiles
  artifactKey: Guid(9a141929851ab4ccf8af860a276e391f) Importer(815301076,1909f56bfc062723c751e8b465ee728b)
Start importing Assets/Prefabs/Tiles using Guid(9a141929851ab4ccf8af860a276e391f) Importer(815301076,1909f56bfc062723c751e8b465ee728b)  -> (artifact id: '528c05c626eab32f272e308dba47fe35') in 0.000536 seconds
Number of updated asset objects reloaded before import = 0
Number of asset objects unloaded after import = 0
========================================================================
Received Import Request.
  Time since last request: 276.542827 seconds.
  path: Assets/Prefabs/Tiles/(0, -3).prefab
  artifactKey: Guid(845f30c28130b7698a7d93c2d5a7e56a) Importer(815301076,1909f56bfc062723c751e8b465ee728b)
Start importing Assets/Prefabs/Tiles/(0, -3).prefab using Guid(845f30c28130b7698a7d93c2d5a7e56a) Importer(815301076,1909f56bfc062723c751e8b465ee728b)  -> (artifact id: '9a97154c475d69224aa22cb7dcdaf552') in 0.024147 seconds
Number of updated asset objects reloaded before import = 0
Number of asset objects unloaded after import = 90
========================================================================
Received Import Request.
  Time since last request: 1.156072 seconds.
  path: Assets/Prefabs/Tiles/Tile.prefab
  artifactKey: Guid(845f30c28130b7698a7d93c2d5a7e56a) Importer(815301076,1909f56bfc062723c751e8b465ee728b)
Start importing Assets/Prefabs/Tiles/Tile.prefab using Guid(845f30c28130b7698a7d93c2d5a7e56a) Importer(815301076,1909f56bfc062723c751e8b465ee728b)  -> (artifact id: '2cc92b3c828b9325f9571e6622a33689') in 0.020174 seconds
Number of updated asset objects reloaded before import = 0
Number of asset objects unloaded after import = 90
========================================================================
Received Import Request.
  Time since last request: 79.511604 seconds.
  path: Assets/Prefabs/Tiles/Tile.prefab
  artifactKey: Guid(845f30c28130b7698a7d93c2d5a7e56a) Importer(815301076,1909f56bfc062723c751e8b465ee728b)
Start importing Assets/Prefabs/Tiles/Tile.prefab using Guid(845f30c28130b7698a7d93c2d5a7e56a) Importer(815301076,1909f56bfc062723c751e8b465ee728b)  -> (artifact id: 'f8ff39cb3644321c5d498519be9bf584') in 0.027659 seconds
Number of updated asset objects reloaded before import = 0
Number of asset objects unloaded after import = 90
========================================================================
Received Import Request.
  Time since last request: 49.710060 seconds.
  path: Assets/AssetPacks/VoxelCastle/Models/Road_Corner.obj
  artifactKey: Guid(626410dc07212d749823da2540a223bb) Importer(815301076,1909f56bfc062723c751e8b465ee728b)
Start importing Assets/AssetPacks/VoxelCastle/Models/Road_Corner.obj using Guid(626410dc07212d749823da2540a223bb) Importer(815301076,1909f56bfc062723c751e8b465ee728b)  -> (artifact id: 'e97f90b8c609173841db9bb42cfc7acd') in 0.046433 seconds
Number of updated asset objects reloaded before import = 0
Number of asset objects unloaded after import = 11
========================================================================
Received Import Request.
  Time since last request: 0.000023 seconds.
  path: Assets/AssetPacks/VoxelCastle/Models/Gate_1.obj
  artifactKey: Guid(ed0d4b88051579a47a065eda53cf9480) Importer(815301076,1909f56bfc062723c751e8b465ee728b)
Start importing Assets/AssetPacks/VoxelCastle/Models/Gate_1.obj using Guid(ed0d4b88051579a47a065eda53cf9480) Importer(815301076,1909f56bfc062723c751e8b465ee728b)  -> (artifact id: '745a7a71800d78891081eed3de75369f') in 0.018774 seconds
Number of updated asset objects reloaded before import = 0
Number of asset objects unloaded after import = 11
========================================================================
Received Import Request.
  Time since last request: 0.000023 seconds.
  path: Assets/AssetPacks/VoxelCastle/Models/Gate_2.obj
  artifactKey: Guid(a592389a4cc504149996122820b6be3d) Importer(815301076,1909f56bfc062723c751e8b465ee728b)
Start importing Assets/AssetPacks/VoxelCastle/Models/Gate_2.obj using Guid(a592389a4cc504149996122820b6be3d) Importer(815301076,1909f56bfc062723c751e8b465ee728b)  -> (artifact id: 'de3e956e65f97b74b01019d7c12aa610') in 0.015942 seconds
Number of updated asset objects reloaded before import = 0
Number of asset objects unloaded after import = 11
========================================================================
Received Import Request.
  Time since last request: 0.000013 seconds.
  path: Assets/AssetPacks/VoxelCastle/Models/Grass.obj
  artifactKey: Guid(5076ba01f21af0c4daff73ab13dba476) Importer(815301076,1909f56bfc062723c751e8b465ee728b)
Start importing Assets/AssetPacks/VoxelCastle/Models/Grass.obj using Guid(5076ba01f21af0c4daff73ab13dba476) Importer(815301076,1909f56bfc062723c751e8b465ee728b)  -> (artifact id: '3d8f8175de855af8ea0f6a92132a5d25') in 0.015314 seconds
Number of updated asset objects reloaded before import = 0
Number of asset objects unloaded after import = 11
========================================================================
Received Import Request.
  Time since last request: 0.000014 seconds.
  path: Assets/AssetPacks/VoxelCastle/Models/Ballisa_Top.obj
  artifactKey: Guid(18cfa8e197c1ff74292ed6ff0cc8b3f7) Importer(815301076,1909f56bfc062723c751e8b465ee728b)
Start importing Assets/AssetPacks/VoxelCastle/Models/Ballisa_Top.obj using Guid(18cfa8e197c1ff74292ed6ff0cc8b3f7) Importer(815301076,1909f56bfc062723c751e8b465ee728b)  -> (artifact id: 'ed9e29e3139326296f9e00872063347a') in 0.019905 seconds
Number of updated asset objects reloaded before import = 0
Number of asset objects unloaded after import = 11
========================================================================
Received Import Request.
  Time since last request: 0.000014 seconds.
  path: Assets/VoxelAssets/joel_turret_bottom.obj
  artifactKey: Guid(201ee65f3c95c2cffa9410d1eaac09c6) Importer(815301076,1909f56bfc062723c751e8b465ee728b)
Start importing Assets/VoxelAssets/joel_turret_bottom.obj using Guid(201ee65f3c95c2cffa9410d1eaac09c6) Importer(815301076,1909f56bfc062723c751e8b465ee728b)  -> (artifact id: 'a5ca1b8f0b75f8f4700a97d552446266') in 0.018659 seconds
Number of updated asset objects reloaded before import = 0
Number of asset objects unloaded after import = 11
========================================================================
Received Import Request.
  Time since last request: 0.000024 seconds.
  path: Assets/AssetPacks/VoxelCastle/Models/Bolt.obj
  artifactKey: Guid(77a5e84b782c81648b95ce756f4622a0) Importer(815301076,1909f56bfc062723c751e8b465ee728b)
Start importing Assets/AssetPacks/VoxelCastle/Models/Bolt.obj using Guid(77a5e84b782c81648b95ce756f4622a0) Importer(815301076,1909f56bfc062723c751e8b465ee728b)  -> (artifact id: '987039b283f0c53b2aa3057ca2bc3873') in 0.020771 seconds
Number of updated asset objects reloaded before import = 0
Number of asset objects unloaded after import = 11
========================================================================
Received Import Request.
  Time since last request: 0.000016 seconds.
  path: Assets/VoxelAssets/joel_turret_top.obj
  artifactKey: Guid(cd9239792c6ae1c0587ceeb41c2ba984) Importer(815301076,1909f56bfc062723c751e8b465ee728b)
Start importing Assets/VoxelAssets/joel_turret_top.obj using Guid(cd9239792c6ae1c0587ceeb41c2ba984) Importer(815301076,1909f56bfc062723c751e8b465ee728b)  -> (artifact id: 'ca8a5aeff95df64ab56605278f6e19f9') in 0.016736 seconds
Number of updated asset objects reloaded before import = 0
Number of asset objects unloaded after import = 11
========================================================================
Received Import Request.
  Time since last request: 5.253601 seconds.
  path: Assets/AssetPacks/VoxelCastle/Models/Shore_1.obj
  artifactKey: Guid(188ea90cdfe6c634eb85f7a132fcebeb) Importer(815301076,1909f56bfc062723c751e8b465ee728b)
Start importing Assets/AssetPacks/VoxelCastle/Models/Shore_1.obj using Guid(188ea90cdfe6c634eb85f7a132fcebeb) Importer(815301076,1909f56bfc062723c751e8b465ee728b)  -> (artifact id: '2ae4f41a3182784a655ed082d3d202c2') in 0.034058 seconds
Number of updated asset objects reloaded before import = 0
Number of asset objects unloaded after import = 11
========================================================================
Received Import Request.
  Time since last request: 0.000018 seconds.
  path: Assets/AssetPacks/VoxelCastle/Models/Shore_2.obj
  artifactKey: Guid(cdf72d6b092b7d74cbcba07dd2c5aa58) Importer(815301076,1909f56bfc062723c751e8b465ee728b)
Start importing Assets/AssetPacks/VoxelCastle/Models/Shore_2.obj using Guid(cdf72d6b092b7d74cbcba07dd2c5aa58) Importer(815301076,1909f56bfc062723c751e8b465ee728b)  -> (artifact id: 'accd3291eba0cc89b61e04259e0a1573') in 0.018849 seconds
Number of updated asset objects reloaded before import = 0
Number of asset objects unloaded after import = 11
========================================================================
Received Import Request.
  Time since last request: 3.260627 seconds.
  path: Assets/AssetPacks/VoxelCastle/Models/Tower_Right.obj
  artifactKey: Guid(72a69f2d17306c241a28b11da95f8885) Importer(815301076,1909f56bfc062723c751e8b465ee728b)
Start importing Assets/AssetPacks/VoxelCastle/Models/Tower_Right.obj using Guid(72a69f2d17306c241a28b11da95f8885) Importer(815301076,1909f56bfc062723c751e8b465ee728b)  -> (artifact id: 'ff911ecda3125f70b2592273d3c8b31c') in 0.024389 seconds
Number of updated asset objects reloaded before import = 0
Number of asset objects unloaded after import = 11
========================================================================
Received Import Request.
  Time since last request: 0.091660 seconds.
  path: Assets/AssetPacks/VoxelCastle/Models/Tower_Straight.obj
  artifactKey: Guid(e7a14cf0c8f8c7f48b1a463cab3cfba0) Importer(815301076,1909f56bfc062723c751e8b465ee728b)
Start importing Assets/AssetPacks/VoxelCastle/Models/Tower_Straight.obj using Guid(e7a14cf0c8f8c7f48b1a463cab3cfba0) Importer(815301076,1909f56bfc062723c751e8b465ee728b)  -> (artifact id: '372ee9667ce659627ae09ec8eb593845') in 0.021543 seconds
Number of updated asset objects reloaded before import = 0
Number of asset objects unloaded after import = 11
========================================================================
Received Import Request.
  Time since last request: 1.097877 seconds.
  path: Assets/AssetPacks/VoxelCastle/Models/Tree_Large.obj
  artifactKey: Guid(1c653cfa1a46c7248b5aa77ea7624db8) Importer(815301076,1909f56bfc062723c751e8b465ee728b)
Start importing Assets/AssetPacks/VoxelCastle/Models/Tree_Large.obj using Guid(1c653cfa1a46c7248b5aa77ea7624db8) Importer(815301076,1909f56bfc062723c751e8b465ee728b)  -> (artifact id: '6a0ee7d390513ef5764ca350811853dd') in 0.048895 seconds
Number of updated asset objects reloaded before import = 0
Number of asset objects unloaded after import = 11
========================================================================
Received Import Request.
  Time since last request: 0.317055 seconds.
  path: Assets/AssetPacks/VoxelCastle/Models/Wall_Out.obj
  artifactKey: Guid(a47cc0e994d04e14684868a64d825a9a) Importer(815301076,1909f56bfc062723c751e8b465ee728b)
Start importing Assets/AssetPacks/VoxelCastle/Models/Wall_Out.obj using Guid(a47cc0e994d04e14684868a64d825a9a) Importer(815301076,1909f56bfc062723c751e8b465ee728b)  -> (artifact id: '1ebe77583fdd049680d55ae5cfa8fea7') in 0.017422 seconds
Number of updated asset objects reloaded before import = 0
Number of asset objects unloaded after import = 11
========================================================================
Received Import Request.
  Time since last request: 0.414460 seconds.
  path: Assets/AssetPacks/VoxelCastle/Models/Water_Open.obj
  artifactKey: Guid(a847eae99d42cdf49b01d8ca9f52e595) Importer(815301076,1909f56bfc062723c751e8b465ee728b)
Start importing Assets/AssetPacks/VoxelCastle/Models/Water_Open.obj using Guid(a847eae99d42cdf49b01d8ca9f52e595) Importer(815301076,1909f56bfc062723c751e8b465ee728b)  -> (artifact id: '5470acfabcdb7c4efd325bf10774dde4') in 0.036605 seconds
Number of updated asset objects reloaded before import = 0
Number of asset objects unloaded after import = 11
========================================================================
Received Import Request.
  Time since last request: 0.410416 seconds.
  path: Assets/AssetPacks/VoxelCastle/Models/Ballisa_Base.obj
  artifactKey: Guid(af50c4e21f0e9b9419ff00e3c39e7711) Importer(815301076,1909f56bfc062723c751e8b465ee728b)
Start importing Assets/AssetPacks/VoxelCastle/Models/Ballisa_Base.obj using Guid(af50c4e21f0e9b9419ff00e3c39e7711) Importer(815301076,1909f56bfc062723c751e8b465ee728b)  -> (artifact id: 'e45fd03fbe84f3e68f167fe51eef662a') in 0.041226 seconds
Number of updated asset objects reloaded before import = 0
Number of asset objects unloaded after import = 11
========================================================================
Received Import Request.
  Time since last request: 195.283284 seconds.
  path: Assets/Prefabs/Tiles/Shore_1.prefab
  artifactKey: Guid(ced0806bb3a17fd42bfe8fe5f0c2faa9) Importer(815301076,1909f56bfc062723c751e8b465ee728b)
Start importing Assets/Prefabs/Tiles/Shore_1.prefab using Guid(ced0806bb3a17fd42bfe8fe5f0c2faa9) Importer(815301076,1909f56bfc062723c751e8b465ee728b)  -> (artifact id: '830b0be9314800acddd261e8bf1326a2') in 0.004687 seconds
Number of updated asset objects reloaded before import = 0
Number of asset objects unloaded after import = 18
========================================================================
Received Import Request.
  Time since last request: 307.758879 seconds.
  path: Assets/Prefabs/Tiles/Tile_RoadStraight.prefab
  artifactKey: Guid(e1944e88be8804d72aa451a6a4a87fb4) Importer(815301076,1909f56bfc062723c751e8b465ee728b)
Start importing Assets/Prefabs/Tiles/Tile_RoadStraight.prefab using Guid(e1944e88be8804d72aa451a6a4a87fb4) Importer(815301076,1909f56bfc062723c751e8b465ee728b)  -> (artifact id: '1281999b2bf25403eb86cf6981286ba6') in 0.022431 seconds
Number of updated asset objects reloaded before import = 0
Number of asset objects unloaded after import = 107
========================================================================
Received Import Request.
  Time since last request: 7.297829 seconds.
  path: Assets/Prefabs/Tiles/Tile_RoadStraight90.prefab
  artifactKey: Guid(8a15fbcd3a72dd1718b823d6d2ec62f0) Importer(815301076,1909f56bfc062723c751e8b465ee728b)
Start importing Assets/Prefabs/Tiles/Tile_RoadStraight90.prefab using Guid(8a15fbcd3a72dd1718b823d6d2ec62f0) Importer(815301076,1909f56bfc062723c751e8b465ee728b)  -> (artifact id: '28d42fa272b82e4d45be99a709298850') in 0.025420 seconds
Number of updated asset objects reloaded before import = 0
Number of asset objects unloaded after import = 122
========================================================================
Received Import Request.
  Time since last request: 8.489485 seconds.
  path: Assets/Prefabs/Tiles/Shoreline_GrassBottom Variant.prefab
  artifactKey: Guid(ef4a823bf10fa2754b4dfbfebfcea778) Importer(815301076,1909f56bfc062723c751e8b465ee728b)
Start importing Assets/Prefabs/Tiles/Shoreline_GrassBottom Variant.prefab using Guid(ef4a823bf10fa2754b4dfbfebfcea778) Importer(815301076,1909f56bfc062723c751e8b465ee728b)  -> (artifact id: '1c2cd434d86c6194253e07b886416272') in 0.025819 seconds
Number of updated asset objects reloaded before import = 0
Number of asset objects unloaded after import = 107
========================================================================
Received Import Request.
  Time since last request: 151.274717 seconds.
  path: Assets/Prefabs/Tiles/Shoreline_GrassLeft Variant.prefab
  artifactKey: Guid(53a682728219aedabbd962987ad426d0) Importer(815301076,1909f56bfc062723c751e8b465ee728b)
Start importing Assets/Prefabs/Tiles/Shoreline_GrassLeft Variant.prefab using Guid(53a682728219aedabbd962987ad426d0) Importer(815301076,1909f56bfc062723c751e8b465ee728b)  -> (artifact id: 'b6be13f678946eb1502acdd0346569c8') in 0.023310 seconds
Number of updated asset objects reloaded before import = 0
Number of asset objects unloaded after import = 122
========================================================================
Received Import Request.
  Time since last request: 7.018763 seconds.
  path: Assets/Prefabs/Tiles/Shoreline_GrassLeft Variant.prefab
  artifactKey: Guid(53a682728219aedabbd962987ad426d0) Importer(815301076,1909f56bfc062723c751e8b465ee728b)
Start importing Assets/Prefabs/Tiles/Shoreline_GrassLeft Variant.prefab using Guid(53a682728219aedabbd962987ad426d0) Importer(815301076,1909f56bfc062723c751e8b465ee728b)  -> (artifact id: '14e1eea55d7b115e55d351c7ceda6a2e') in 0.021699 seconds
Number of updated asset objects reloaded before import = 0
Number of asset objects unloaded after import = 122
========================================================================
Received Import Request.
  Time since last request: 28.215551 seconds.
  path: Assets/Prefabs/Tiles/Shoreline_GrassRight Variant.prefab
  artifactKey: Guid(bdc7a5acc7d09c73d836e1494c7a2c1d) Importer(815301076,1909f56bfc062723c751e8b465ee728b)
Start importing Assets/Prefabs/Tiles/Shoreline_GrassRight Variant.prefab using Guid(bdc7a5acc7d09c73d836e1494c7a2c1d) Importer(815301076,1909f56bfc062723c751e8b465ee728b)  -> (artifact id: '965e71007699fa319000776fe7cc6626') in 0.023106 seconds
Number of updated asset objects reloaded before import = 0
Number of asset objects unloaded after import = 137
========================================================================
Received Import Request.
  Time since last request: 39.253638 seconds.
  path: Assets/Prefabs/Tiles/WaterTile Variant.prefab
  artifactKey: Guid(68cd1d25a6e20d11bb671eaae64e8631) Importer(815301076,1909f56bfc062723c751e8b465ee728b)
Start importing Assets/Prefabs/Tiles/WaterTile Variant.prefab using Guid(68cd1d25a6e20d11bb671eaae64e8631) Importer(815301076,1909f56bfc062723c751e8b465ee728b)  -> (artifact id: '73b7ba8d1455a990cdbd3d5d2887ef76') in 0.023685 seconds
Number of updated asset objects reloaded before import = 0
Number of asset objects unloaded after import = 138
========================================================================
Received Import Request.
  Time since last request: 31.106176 seconds.
  path: Assets/Prefabs/Tiles/ShoreCorner Variant.prefab
  artifactKey: Guid(21085326a448a3c6d91e0c8399bc02c4) Importer(815301076,1909f56bfc062723c751e8b465ee728b)
Start importing Assets/Prefabs/Tiles/ShoreCorner Variant.prefab using Guid(21085326a448a3c6d91e0c8399bc02c4) Importer(815301076,1909f56bfc062723c751e8b465ee728b)  -> (artifact id: '42746f97ad491b7e04101deac79caafd') in 0.025582 seconds
Number of updated asset objects reloaded before import = 0
Number of asset objects unloaded after import = 107
========================================================================
Received Import Request.
  Time since last request: 6.918207 seconds.
  path: Assets/Prefabs/Tiles/Shoreline_GrassRight Variant.prefab
  artifactKey: Guid(bdc7a5acc7d09c73d836e1494c7a2c1d) Importer(815301076,1909f56bfc062723c751e8b465ee728b)
Start importing Assets/Prefabs/Tiles/Shoreline_GrassRight Variant.prefab using Guid(bdc7a5acc7d09c73d836e1494c7a2c1d) Importer(815301076,1909f56bfc062723c751e8b465ee728b)  -> (artifact id: 'fe64f32b6f28c93bafbee2c266c0fc15') in 0.024299 seconds
Number of updated asset objects reloaded before import = 0
Number of asset objects unloaded after import = 137
========================================================================
Received Import Request.
  Time since last request: 0.603152 seconds.
  path: Assets/Prefabs/Tiles/Tile_RoadCorner90.prefab
  artifactKey: Guid(d401519e7b5288ac0b5ebd0450fd4455) Importer(815301076,1909f56bfc062723c751e8b465ee728b)
Start importing Assets/Prefabs/Tiles/Tile_RoadCorner90.prefab using Guid(d401519e7b5288ac0b5ebd0450fd4455) Importer(815301076,1909f56bfc062723c751e8b465ee728b)  -> (artifact id: '254aeb0fb0a90497aae5fa6e8f17987a') in 0.021997 seconds
Number of updated asset objects reloaded before import = 0
Number of asset objects unloaded after import = 122
========================================================================
Received Import Request.
  Time since last request: 8.490985 seconds.
  path: Assets/Prefabs/Tiles/WaterTile Variant.prefab
  artifactKey: Guid(68cd1d25a6e20d11bb671eaae64e8631) Importer(815301076,1909f56bfc062723c751e8b465ee728b)
Start importing Assets/Prefabs/Tiles/WaterTile Variant.prefab using Guid(68cd1d25a6e20d11bb671eaae64e8631) Importer(815301076,1909f56bfc062723c751e8b465ee728b)  -> (artifact id: '5af0d2258c858f18432958f094b7ee4a') in 0.027808 seconds
Number of updated asset objects reloaded before import = 0
Number of asset objects unloaded after import = 138
========================================================================
Received Import Request.
  Time since last request: 221.921374 seconds.
  path: Assets/Prefabs/Tiles/ShoreCorner Variant.prefab
  artifactKey: Guid(21085326a448a3c6d91e0c8399bc02c4) Importer(815301076,1909f56bfc062723c751e8b465ee728b)
Start importing Assets/Prefabs/Tiles/ShoreCorner Variant.prefab using Guid(21085326a448a3c6d91e0c8399bc02c4) Importer(815301076,1909f56bfc062723c751e8b465ee728b)  -> (artifact id: 'a1c7abd3dc471864de58903d936cb9f0') in 0.022716 seconds
Number of updated asset objects reloaded before import = 0
Number of asset objects unloaded after import = 107
========================================================================
Received Import Request.
  Time since last request: 70.571615 seconds.
  path: Assets/Prefabs/Tiles/ShoreCorner Variant.prefab
  artifactKey: Guid(21085326a448a3c6d91e0c8399bc02c4) Importer(815301076,1909f56bfc062723c751e8b465ee728b)
Start importing Assets/Prefabs/Tiles/ShoreCorner Variant.prefab using Guid(21085326a448a3c6d91e0c8399bc02c4) Importer(815301076,1909f56bfc062723c751e8b465ee728b)  -> (artifact id: '7a07535e5a30ca2d3e12b6c4d62fc151') in 0.037371 seconds
Number of updated asset objects reloaded before import = 0
Number of asset objects unloaded after import = 107
========================================================================
Received Import Request.
  Time since last request: 92.078637 seconds.
  path: Assets/Prefabs/Tiles/WaterCorner TL Variant.prefab
  artifactKey: Guid(c9485e7a8ca948d959e75485a2d2668f) Importer(815301076,1909f56bfc062723c751e8b465ee728b)
Start importing Assets/Prefabs/Tiles/WaterCorner TL Variant.prefab using Guid(c9485e7a8ca948d959e75485a2d2668f) Importer(815301076,1909f56bfc062723c751e8b465ee728b)  -> (artifact id: '387ef84afb3cff464109edd95315376d') in 0.021301 seconds
Number of updated asset objects reloaded before import = 0
Number of asset objects unloaded after import = 123
========================================================================
Received Import Request.
  Time since last request: 22.498276 seconds.
  path: Assets/Prefabs/Tiles/Tile_RoadCorner90.prefab
  artifactKey: Guid(d401519e7b5288ac0b5ebd0450fd4455) Importer(815301076,1909f56bfc062723c751e8b465ee728b)
Start importing Assets/Prefabs/Tiles/Tile_RoadCorner90.prefab using Guid(d401519e7b5288ac0b5ebd0450fd4455) Importer(815301076,1909f56bfc062723c751e8b465ee728b)  -> (artifact id: 'd50ae5efb238ea31e83688567a145f4d') in 0.023544 seconds
Number of updated asset objects reloaded before import = 0
Number of asset objects unloaded after import = 122
========================================================================
Received Import Request.
  Time since last request: 1.078158 seconds.
  path: Assets/Prefabs/Tiles/Tile_RoadCorner180.prefab
  artifactKey: Guid(ddef854db9ca7cd138e32d91d8dca76e) Importer(815301076,1909f56bfc062723c751e8b465ee728b)
Start importing Assets/Prefabs/Tiles/Tile_RoadCorner180.prefab using Guid(ddef854db9ca7cd138e32d91d8dca76e) Importer(815301076,1909f56bfc062723c751e8b465ee728b)  -> (artifact id: 'c3ccfa6bcaf898120c33e4d8a6dd5baf') in 0.025543 seconds
Number of updated asset objects reloaded before import = 0
Number of asset objects unloaded after import = 122
========================================================================
Received Import Request.
  Time since last request: 1.273485 seconds.
  path: Assets/Prefabs/Tiles/Tile_RoadCorner270.prefab
  artifactKey: Guid(9bc839063e6e0a66ca7df5b67ab31dc6) Importer(815301076,1909f56bfc062723c751e8b465ee728b)
Start importing Assets/Prefabs/Tiles/Tile_RoadCorner270.prefab using Guid(9bc839063e6e0a66ca7df5b67ab31dc6) Importer(815301076,1909f56bfc062723c751e8b465ee728b)  -> (artifact id: '986d5a13d5142dba8269ec14c00a37ca') in 0.026303 seconds
Number of updated asset objects reloaded before import = 0
Number of asset objects unloaded after import = 122
========================================================================
Received Import Request.
  Time since last request: 14.340100 seconds.
  path: Assets/Prefabs/Tiles/Shoreline_GrassBottom Variant.prefab
  artifactKey: Guid(ef4a823bf10fa2754b4dfbfebfcea778) Importer(815301076,1909f56bfc062723c751e8b465ee728b)
Start importing Assets/Prefabs/Tiles/Shoreline_GrassBottom Variant.prefab using Guid(ef4a823bf10fa2754b4dfbfebfcea778) Importer(815301076,1909f56bfc062723c751e8b465ee728b)  -> (artifact id: '774580c34cbfc3881edf7f03a72a137e') in 0.027861 seconds
Number of updated asset objects reloaded before import = 0
Number of asset objects unloaded after import = 107
========================================================================
Received Import Request.
  Time since last request: 3.340437 seconds.
  path: Assets/Prefabs/Tiles/Shoreline_GrassLeft Variant.prefab
  artifactKey: Guid(53a682728219aedabbd962987ad426d0) Importer(815301076,1909f56bfc062723c751e8b465ee728b)
Start importing Assets/Prefabs/Tiles/Shoreline_GrassLeft Variant.prefab using Guid(53a682728219aedabbd962987ad426d0) Importer(815301076,1909f56bfc062723c751e8b465ee728b)  -> (artifact id: '59ad6c0d12aa39ed652864949a0ed2f8') in 0.030993 seconds
Number of updated asset objects reloaded before import = 0
Number of asset objects unloaded after import = 122
========================================================================
Received Import Request.
  Time since last request: 1.877868 seconds.
  path: Assets/Prefabs/Tiles/Shoreline_GrassRight Variant.prefab
  artifactKey: Guid(bdc7a5acc7d09c73d836e1494c7a2c1d) Importer(815301076,1909f56bfc062723c751e8b465ee728b)
Start importing Assets/Prefabs/Tiles/Shoreline_GrassRight Variant.prefab using Guid(bdc7a5acc7d09c73d836e1494c7a2c1d) Importer(815301076,1909f56bfc062723c751e8b465ee728b)  -> (artifact id: 'f88a297b448d6a1088589feac015e007') in 0.027285 seconds
Number of updated asset objects reloaded before import = 0
Number of asset objects unloaded after import = 137
========================================================================
Received Import Request.
  Time since last request: 6.337434 seconds.
  path: Assets/Prefabs/Tiles/Shoreline_GrassTop Variant.prefab
  artifactKey: Guid(57faee6406e99ba0d90628383dd4a24d) Importer(815301076,1909f56bfc062723c751e8b465ee728b)
Start importing Assets/Prefabs/Tiles/Shoreline_GrassTop Variant.prefab using Guid(57faee6406e99ba0d90628383dd4a24d) Importer(815301076,1909f56bfc062723c751e8b465ee728b)  -> (artifact id: 'ca47ddde274a49b875cf8342e00f6fdf') in 0.023873 seconds
Number of updated asset objects reloaded before import = 0
Number of asset objects unloaded after import = 122
========================================================================
Received Import Request.
  Time since last request: 52.469421 seconds.
  path: Assets/Prefabs/Tiles/Shoreline_GrassRight Variant.prefab
  artifactKey: Guid(bdc7a5acc7d09c73d836e1494c7a2c1d) Importer(815301076,1909f56bfc062723c751e8b465ee728b)
Start importing Assets/Prefabs/Tiles/Shoreline_GrassRight Variant.prefab using Guid(bdc7a5acc7d09c73d836e1494c7a2c1d) Importer(815301076,1909f56bfc062723c751e8b465ee728b)  -> (artifact id: '6771eba41bc8ebe1b7c6bf3877fca706') in 0.022979 seconds
Number of updated asset objects reloaded before import = 0
Number of asset objects unloaded after import = 137
========================================================================
Received Import Request.
  Time since last request: 119.657547 seconds.
  path: Assets/Prefabs/Tiles/WaterCorner TR Variant.prefab
  artifactKey: Guid(b6b488488e2ba2d4cb699fc9552891e0) Importer(815301076,1909f56bfc062723c751e8b465ee728b)
Start importing Assets/Prefabs/Tiles/WaterCorner TR Variant.prefab using Guid(b6b488488e2ba2d4cb699fc9552891e0) Importer(815301076,1909f56bfc062723c751e8b465ee728b)  -> (artifact id: '78d33c16bae6d08cf5c62f149e373189') in 0.022258 seconds
Number of updated asset objects reloaded before import = 0
Number of asset objects unloaded after import = 138
========================================================================
Received Import Request.
  Time since last request: 17.549906 seconds.
  path: Assets/Prefabs/Tiles/WaterCorner BR Variant.prefab
  artifactKey: Guid(2de9cef1d12ccd1008f69a2a2f94f3be) Importer(815301076,1909f56bfc062723c751e8b465ee728b)
Start importing Assets/Prefabs/Tiles/WaterCorner BR Variant.prefab using Guid(2de9cef1d12ccd1008f69a2a2f94f3be) Importer(815301076,1909f56bfc062723c751e8b465ee728b)  -> (artifact id: '38f385b0d1cb4aa53e495c22a817aa4c') in 0.022868 seconds
Number of updated asset objects reloaded before import = 0
Number of asset objects unloaded after import = 153
========================================================================
Received Import Request.
  Time since last request: 17.000816 seconds.
  path: Assets/Prefabs/Tiles/WaterCorner BL Variant.prefab
  artifactKey: Guid(5aeb58aca65e5088d8cb34f74ae41cb4) Importer(815301076,1909f56bfc062723c751e8b465ee728b)
Start importing Assets/Prefabs/Tiles/WaterCorner BL Variant.prefab using Guid(5aeb58aca65e5088d8cb34f74ae41cb4) Importer(815301076,1909f56bfc062723c751e8b465ee728b)  -> (artifact id: 'e615bc27eb813074ec89ac5817431c41') in 0.023988 seconds
Number of updated asset objects reloaded before import = 0
Number of asset objects unloaded after import = 168
========================================================================
Received Import Request.
  Time since last request: 34.707452 seconds.
  path: Assets/Prefabs/Tiles/WaterCorner BL Variant.prefab
  artifactKey: Guid(5aeb58aca65e5088d8cb34f74ae41cb4) Importer(815301076,1909f56bfc062723c751e8b465ee728b)
Start importing Assets/Prefabs/Tiles/WaterCorner BL Variant.prefab using Guid(5aeb58aca65e5088d8cb34f74ae41cb4) Importer(815301076,1909f56bfc062723c751e8b465ee728b)  -> (artifact id: 'f732490ae0a59fb8ca6075934ae0fb9a') in 0.029337 seconds
Number of updated asset objects reloaded before import = 0
Number of asset objects unloaded after import = 168
========================================================================
Received Import Request.
  Time since last request: 5.622691 seconds.
  path: Assets/Prefabs/Tiles/WaterCorner BR Variant.prefab
  artifactKey: Guid(2de9cef1d12ccd1008f69a2a2f94f3be) Importer(815301076,1909f56bfc062723c751e8b465ee728b)
Start importing Assets/Prefabs/Tiles/WaterCorner BR Variant.prefab using Guid(2de9cef1d12ccd1008f69a2a2f94f3be) Importer(815301076,1909f56bfc062723c751e8b465ee728b)  -> (artifact id: '3c201d38a8a1da8b490d100942cab04a') in 0.027257 seconds
Number of updated asset objects reloaded before import = 0
Number of asset objects unloaded after import = 153
========================================================================
Received Import Request.
  Time since last request: 0.336717 seconds.
  path: Assets/Prefabs/Tiles/WaterCorner TL Variant.prefab
  artifactKey: Guid(c9485e7a8ca948d959e75485a2d2668f) Importer(815301076,1909f56bfc062723c751e8b465ee728b)
Start importing Assets/Prefabs/Tiles/WaterCorner TL Variant.prefab using Guid(c9485e7a8ca948d959e75485a2d2668f) Importer(815301076,1909f56bfc062723c751e8b465ee728b)  -> (artifact id: 'ac2434cc7f84c4668aa679e0f0fcf4aa') in 0.021715 seconds
Number of updated asset objects reloaded before import = 0
Number of asset objects unloaded after import = 123
========================================================================
Received Import Request.
  Time since last request: 0.438471 seconds.
  path: Assets/Prefabs/Tiles/WaterCorner TR Variant.prefab
  artifactKey: Guid(b6b488488e2ba2d4cb699fc9552891e0) Importer(815301076,1909f56bfc062723c751e8b465ee728b)
Start importing Assets/Prefabs/Tiles/WaterCorner TR Variant.prefab using Guid(b6b488488e2ba2d4cb699fc9552891e0) Importer(815301076,1909f56bfc062723c751e8b465ee728b)  -> (artifact id: '481ca00f3afca29af28d53e3053fa32b') in 0.030524 seconds
Number of updated asset objects reloaded before import = 0
Number of asset objects unloaded after import = 138
========================================================================
Received Import Request.
  Time since last request: 22.878354 seconds.
  path: Assets/Prefabs/Tiles/ShoreCorner180 Variant.prefab
  artifactKey: Guid(38f714219294a81f296db361b3ca6bab) Importer(815301076,1909f56bfc062723c751e8b465ee728b)
Start importing Assets/Prefabs/Tiles/ShoreCorner180 Variant.prefab using Guid(38f714219294a81f296db361b3ca6bab) Importer(815301076,1909f56bfc062723c751e8b465ee728b)  -> (artifact id: 'ee0681472de7d9f3b531870ab702fbfc') in 0.022096 seconds
Number of updated asset objects reloaded before import = 0
Number of asset objects unloaded after import = 137
========================================================================
Received Import Request.
  Time since last request: 9.579962 seconds.
  path: Assets/Prefabs/Tiles/ShoreCorner90 Variant.prefab
  artifactKey: Guid(f49bc0845bc2a54f6b1ebe0681ea5d06) Importer(815301076,1909f56bfc062723c751e8b465ee728b)
Start importing Assets/Prefabs/Tiles/ShoreCorner90 Variant.prefab using Guid(f49bc0845bc2a54f6b1ebe0681ea5d06) Importer(815301076,1909f56bfc062723c751e8b465ee728b)  -> (artifact id: '7b778c2eed7ed46eb3faa04b124a89ef') in 0.020635 seconds
Number of updated asset objects reloaded before import = 0
Number of asset objects unloaded after import = 122
========================================================================
Received Import Request.
  Time since last request: 535.842593 seconds.
  path: Assets/Prefabs/Tiles/Tile_RoadCorner.prefab
  artifactKey: Guid(072257ed71e91b02db6718a064bf72e1) Importer(815301076,1909f56bfc062723c751e8b465ee728b)
Start importing Assets/Prefabs/Tiles/Tile_RoadCorner.prefab using Guid(072257ed71e91b02db6718a064bf72e1) Importer(815301076,1909f56bfc062723c751e8b465ee728b)  -> (artifact id: '8ed954cf40eaf27d107df64328455c52') in 0.021995 seconds
Number of updated asset objects reloaded before import = 0
Number of asset objects unloaded after import = 107
========================================================================
Received Prepare
Begin MonoManager ReloadAssembly
- Loaded All Assemblies, in  0.453 seconds
Refreshing native plugins compatible for Editor in 1.22 ms, found 0 plugins.
Native extension for LinuxStandalone target not found
Native extension for WebGL target not found
[Package Manager] Server::EnsureServerProcessIsRunning -- launch failed, reason: Unity was launched with the -noUpm command-line argument
[Package Manager] UpmClient::Send -- Unable to send message (not connected to UPM process).
[Package Manager] Cannot connect to Unity Package Manager local server
Mono: successfully reloaded assembly
- Finished resetting the current domain, in  1.058 seconds
Domain Reload Profiling: 1511ms
	BeginReloadAssembly (142ms)
		ExecutionOrderSort (0ms)
		DisableScriptedObjects (5ms)
		BackupInstance (0ms)
		ReleaseScriptingObjects (0ms)
		CreateAndSetChildDomain (45ms)
	RebuildCommonClasses (38ms)
	RebuildNativeTypeToScriptingClass (9ms)
	initialDomainReloadingComplete (33ms)
	LoadAllAssembliesAndSetupDomain (231ms)
		LoadAssemblies (278ms)
		RebuildTransferFunctionScriptingTraits (0ms)
		AnalyzeDomain (14ms)
			TypeCache.Refresh (6ms)
				TypeCache.ScanAssembly (0ms)
			ScanForSourceGeneratedMonoScriptInfo (0ms)
			ResolveRequiredComponents (6ms)
	FinalizeReload (1059ms)
		ReleaseScriptCaches (0ms)
		RebuildScriptCaches (0ms)
		SetupLoadedEditorAssemblies (512ms)
			LogAssemblyErrors (0ms)
			InitializePlatformSupportModulesInManaged (43ms)
			SetLoadedEditorAssemblies (6ms)
			RefreshPlugins (0ms)
			BeforeProcessingInitializeOnLoad (97ms)
			ProcessInitializeOnLoadAttributes (335ms)
			ProcessInitializeOnLoadMethodAttributes (26ms)
			AfterProcessingInitializeOnLoad (6ms)
			EditorAssembliesLoaded (0ms)
		ExecutionOrderSort2 (0ms)
		AwakeInstancesAfterBackupRestoration (5ms)
Refreshing native plugins compatible for Editor in 1.94 ms, found 0 plugins.
Preloading 0 native plugins for Editor in 0.00 ms.
Unloading 3103 Unused Serialized files (Serialized files now loaded: 0)
Unloading 24 unused Assets / (31.6 KB). Loaded Objects now: 3633.
Memory consumption went from 119.7 MB to 119.7 MB.
Total: 3.797222 ms (FindLiveObjects: 0.365923 ms CreateObjectMapping: 0.241713 ms MarkObjects: 3.119397 ms  DeleteObjects: 0.067948 ms)

Prepare: number of updated asset objects reloaded= 0
AssetImportParameters requested are different than current active one (requested -> active):
  custom:container-demuxer-ogg: 62fdf1f143b41e24485cea50d1cbac27 -> 
  custom:video-decoder-ogg-theora: a1e56fd34408186e4bbccfd4996cb3dc -> 
  custom:CustomObjectIndexerAttribute: 232f87dd983dbecb2a4e21e08eb2cef8 -> 
  custom:container-demuxer-webm: 4f35f7cbe854078d1ac9338744f61a02 -> 
  custom:container-muxer-webm: aa71ff27fc2769a1b78a27578f13a17b -> 
  custom:video-decoder-webm-vp8: 9c59270c3fd7afecdb556c50c9e8de78 -> 
  custom:SearchIndexIgnoredProperties: e643bd26f0fe6173181afceb89e7c659 -> 
  custom:AudioImporter_EditorPlatform: 2f0ff77a95e0ac474e3e8eeba4e2f7cb -> 
  custom:video-encoder-webm-vp8: eb34c28f22e8b96e1ab97ce403110664 -> 
  custom:audio-decoder-ogg-vorbis: bf7c407c2cedff20999df2af8eb42d56 -> 
  custom:audio-encoder-webm-vorbis: bf7c407c2cedff20999df2af8eb42d56 -> 
========================================================================
Received Prepare
Begin MonoManager ReloadAssembly
- Loaded All Assemblies, in  0.437 seconds
Refreshing native plugins compatible for Editor in 1.18 ms, found 0 plugins.
Native extension for LinuxStandalone target not found
Native extension for WebGL target not found
[Package Manager] Server::EnsureServerProcessIsRunning -- launch failed, reason: Unity was launched with the -noUpm command-line argument
[Package Manager] UpmClient::Send -- Unable to send message (not connected to UPM process).
[Package Manager] Cannot connect to Unity Package Manager local server
Mono: successfully reloaded assembly
- Finished resetting the current domain, in  0.895 seconds
Domain Reload Profiling: 1331ms
	BeginReloadAssembly (149ms)
		ExecutionOrderSort (0ms)
		DisableScriptedObjects (6ms)
		BackupInstance (0ms)
		ReleaseScriptingObjects (0ms)
		CreateAndSetChildDomain (43ms)
	RebuildCommonClasses (38ms)
	RebuildNativeTypeToScriptingClass (9ms)
	initialDomainReloadingComplete (33ms)
	LoadAllAssembliesAndSetupDomain (208ms)
		LoadAssemblies (261ms)
		RebuildTransferFunctionScriptingTraits (0ms)
		AnalyzeDomain (14ms)
			TypeCache.Refresh (6ms)
				TypeCache.ScanAssembly (0ms)
			ScanForSourceGeneratedMonoScriptInfo (0ms)
			ResolveRequiredComponents (7ms)
	FinalizeReload (895ms)
		ReleaseScriptCaches (0ms)
		RebuildScriptCaches (0ms)
		SetupLoadedEditorAssemblies (533ms)
			LogAssemblyErrors (0ms)
			InitializePlatformSupportModulesInManaged (41ms)
			SetLoadedEditorAssemblies (6ms)
			RefreshPlugins (0ms)
			BeforeProcessingInitializeOnLoad (105ms)
			ProcessInitializeOnLoadAttributes (348ms)
			ProcessInitializeOnLoadMethodAttributes (26ms)
			AfterProcessingInitializeOnLoad (6ms)
			EditorAssembliesLoaded (0ms)
		ExecutionOrderSort2 (0ms)
		AwakeInstancesAfterBackupRestoration (5ms)
Refreshing native plugins compatible for Editor in 1.25 ms, found 0 plugins.
Preloading 0 native plugins for Editor in 0.00 ms.
Unloading 3104 Unused Serialized files (Serialized files now loaded: 0)
Unloading 24 unused Assets / (31.5 KB). Loaded Objects now: 3636.
Memory consumption went from 120.0 MB to 120.0 MB.
Total: 3.802825 ms (FindLiveObjects: 0.277002 ms CreateObjectMapping: 0.221507 ms MarkObjects: 3.234686 ms  DeleteObjects: 0.068601 ms)

Prepare: number of updated asset objects reloaded= 0
AssetImportParameters requested are different than current active one (requested -> active):
  custom:container-demuxer-ogg: 62fdf1f143b41e24485cea50d1cbac27 -> 
  custom:video-decoder-ogg-theora: a1e56fd34408186e4bbccfd4996cb3dc -> 
  custom:CustomObjectIndexerAttribute: 232f87dd983dbecb2a4e21e08eb2cef8 -> 
  custom:container-demuxer-webm: 4f35f7cbe854078d1ac9338744f61a02 -> 
  custom:container-muxer-webm: aa71ff27fc2769a1b78a27578f13a17b -> 
  custom:video-decoder-webm-vp8: 9c59270c3fd7afecdb556c50c9e8de78 -> 
  custom:SearchIndexIgnoredProperties: e643bd26f0fe6173181afceb89e7c659 -> 
  custom:AudioImporter_EditorPlatform: 2f0ff77a95e0ac474e3e8eeba4e2f7cb -> 
  custom:video-encoder-webm-vp8: eb34c28f22e8b96e1ab97ce403110664 -> 
  custom:audio-decoder-ogg-vorbis: bf7c407c2cedff20999df2af8eb42d56 -> 
  custom:audio-encoder-webm-vorbis: bf7c407c2cedff20999df2af8eb42d56 -> 
========================================================================
Received Prepare
Begin MonoManager ReloadAssembly
- Loaded All Assemblies, in  0.430 seconds
Refreshing native plugins compatible for Editor in 1.25 ms, found 0 plugins.
Native extension for LinuxStandalone target not found
Native extension for WebGL target not found
[Package Manager] Server::EnsureServerProcessIsRunning -- launch failed, reason: Unity was launched with the -noUpm command-line argument
[Package Manager] UpmClient::Send -- Unable to send message (not connected to UPM process).
[Package Manager] Cannot connect to Unity Package Manager local server
Mono: successfully reloaded assembly
- Finished resetting the current domain, in  0.978 seconds
Domain Reload Profiling: 1408ms
	BeginReloadAssembly (137ms)
		ExecutionOrderSort (0ms)
		DisableScriptedObjects (6ms)
		BackupInstance (0ms)
		ReleaseScriptingObjects (0ms)
		CreateAndSetChildDomain (38ms)
	RebuildCommonClasses (38ms)
	RebuildNativeTypeToScriptingClass (9ms)
	initialDomainReloadingComplete (33ms)
	LoadAllAssembliesAndSetupDomain (212ms)
		LoadAssemblies (259ms)
		RebuildTransferFunctionScriptingTraits (0ms)
		AnalyzeDomain (14ms)
			TypeCache.Refresh (6ms)
				TypeCache.ScanAssembly (0ms)
			ScanForSourceGeneratedMonoScriptInfo (0ms)
			ResolveRequiredComponents (7ms)
	FinalizeReload (979ms)
		ReleaseScriptCaches (0ms)
		RebuildScriptCaches (0ms)
		SetupLoadedEditorAssemblies (591ms)
			LogAssemblyErrors (0ms)
			InitializePlatformSupportModulesInManaged (55ms)
			SetLoadedEditorAssemblies (6ms)
			RefreshPlugins (0ms)
			BeforeProcessingInitializeOnLoad (119ms)
			ProcessInitializeOnLoadAttributes (378ms)
			ProcessInitializeOnLoadMethodAttributes (26ms)
			AfterProcessingInitializeOnLoad (6ms)
			EditorAssembliesLoaded (0ms)
		ExecutionOrderSort2 (0ms)
		AwakeInstancesAfterBackupRestoration (5ms)
Refreshing native plugins compatible for Editor in 1.24 ms, found 0 plugins.
Preloading 0 native plugins for Editor in 0.00 ms.
Unloading 3104 Unused Serialized files (Serialized files now loaded: 0)
Unloading 24 unused Assets / (31.5 KB). Loaded Objects now: 3639.
Memory consumption went from 120.0 MB to 120.0 MB.
Total: 3.551223 ms (FindLiveObjects: 0.248373 ms CreateObjectMapping: 0.197198 ms MarkObjects: 3.040467 ms  DeleteObjects: 0.063899 ms)

Prepare: number of updated asset objects reloaded= 0
AssetImportParameters requested are different than current active one (requested -> active):
  custom:container-demuxer-ogg: 62fdf1f143b41e24485cea50d1cbac27 -> 
  custom:video-decoder-ogg-theora: a1e56fd34408186e4bbccfd4996cb3dc -> 
  custom:CustomObjectIndexerAttribute: 232f87dd983dbecb2a4e21e08eb2cef8 -> 
  custom:container-demuxer-webm: 4f35f7cbe854078d1ac9338744f61a02 -> 
  custom:container-muxer-webm: aa71ff27fc2769a1b78a27578f13a17b -> 
  custom:video-decoder-webm-vp8: 9c59270c3fd7afecdb556c50c9e8de78 -> 
  custom:SearchIndexIgnoredProperties: e643bd26f0fe6173181afceb89e7c659 -> 
  custom:AudioImporter_EditorPlatform: 2f0ff77a95e0ac474e3e8eeba4e2f7cb -> 
  custom:video-encoder-webm-vp8: eb34c28f22e8b96e1ab97ce403110664 -> 
  custom:audio-decoder-ogg-vorbis: bf7c407c2cedff20999df2af8eb42d56 -> 
  custom:audio-encoder-webm-vorbis: bf7c407c2cedff20999df2af8eb42d56 -> 
========================================================================
Received Import Request.
  Time since last request: 575.708349 seconds.
  path: Assets/Prefabs
  artifactKey: Guid(b09ca55b8aff57d3481e378ffd2cd3e8) Importer(815301076,1909f56bfc062723c751e8b465ee728b)
Start importing Assets/Prefabs using Guid(b09ca55b8aff57d3481e378ffd2cd3e8) Importer(815301076,1909f56bfc062723c751e8b465ee728b)  -> (artifact id: '41e6fa3de282caf6367b2fe482e9a78b') in 0.001484 seconds
Number of updated asset objects reloaded before import = 0
Number of asset objects unloaded after import = 0
========================================================================
Received Import Request.
  Time since last request: 2.815971 seconds.
  path: Assets/Prefabs/Turret.prefab
  artifactKey: Guid(801d165505a93cf148533bb2163ce411) Importer(815301076,1909f56bfc062723c751e8b465ee728b)
Start importing Assets/Prefabs/Turret.prefab using Guid(801d165505a93cf148533bb2163ce411) Importer(815301076,1909f56bfc062723c751e8b465ee728b)  -> (artifact id: '1ab71cf7a308c7d584ba23b2eb5e62aa') in 0.091156 seconds
Number of updated asset objects reloaded before import = 0
Number of asset objects unloaded after import = 55
========================================================================
Received Prepare
Begin MonoManager ReloadAssembly
- Loaded All Assemblies, in  0.456 seconds
Refreshing native plugins compatible for Editor in 1.41 ms, found 0 plugins.
Native extension for LinuxStandalone target not found
Native extension for WebGL target not found
[Package Manager] Server::EnsureServerProcessIsRunning -- launch failed, reason: Unity was launched with the -noUpm command-line argument
[Package Manager] UpmClient::Send -- Unable to send message (not connected to UPM process).
[Package Manager] Cannot connect to Unity Package Manager local server
Mono: successfully reloaded assembly
- Finished resetting the current domain, in  0.920 seconds
Domain Reload Profiling: 1375ms
	BeginReloadAssembly (142ms)
		ExecutionOrderSort (0ms)
		DisableScriptedObjects (6ms)
		BackupInstance (0ms)
		ReleaseScriptingObjects (0ms)
		CreateAndSetChildDomain (44ms)
	RebuildCommonClasses (42ms)
	RebuildNativeTypeToScriptingClass (11ms)
	initialDomainReloadingComplete (36ms)
	LoadAllAssembliesAndSetupDomain (225ms)
		LoadAssemblies (271ms)
		RebuildTransferFunctionScriptingTraits (0ms)
		AnalyzeDomain (15ms)
			TypeCache.Refresh (6ms)
				TypeCache.ScanAssembly (0ms)
			ScanForSourceGeneratedMonoScriptInfo (0ms)
			ResolveRequiredComponents (7ms)
	FinalizeReload (920ms)
		ReleaseScriptCaches (0ms)
		RebuildScriptCaches (0ms)
		SetupLoadedEditorAssemblies (558ms)
			LogAssemblyErrors (0ms)
			InitializePlatformSupportModulesInManaged (42ms)
			SetLoadedEditorAssemblies (6ms)
			RefreshPlugins (0ms)
			BeforeProcessingInitializeOnLoad (118ms)
			ProcessInitializeOnLoadAttributes (355ms)
			ProcessInitializeOnLoadMethodAttributes (29ms)
			AfterProcessingInitializeOnLoad (7ms)
			EditorAssembliesLoaded (0ms)
		ExecutionOrderSort2 (0ms)
		AwakeInstancesAfterBackupRestoration (5ms)
Refreshing native plugins compatible for Editor in 1.31 ms, found 0 plugins.
Preloading 0 native plugins for Editor in 0.00 ms.
Unloading 3103 Unused Serialized files (Serialized files now loaded: 0)
Unloading 24 unused Assets / (31.6 KB). Loaded Objects now: 3642.
Memory consumption went from 119.7 MB to 119.7 MB.
Total: 5.452010 ms (FindLiveObjects: 0.365096 ms CreateObjectMapping: 0.270174 ms MarkObjects: 4.723179 ms  DeleteObjects: 0.091887 ms)

Prepare: number of updated asset objects reloaded= 0
AssetImportParameters requested are different than current active one (requested -> active):
  custom:container-demuxer-ogg: 62fdf1f143b41e24485cea50d1cbac27 -> 
  custom:video-decoder-ogg-theora: a1e56fd34408186e4bbccfd4996cb3dc -> 
  custom:CustomObjectIndexerAttribute: 232f87dd983dbecb2a4e21e08eb2cef8 -> 
  custom:container-demuxer-webm: 4f35f7cbe854078d1ac9338744f61a02 -> 
  custom:container-muxer-webm: aa71ff27fc2769a1b78a27578f13a17b -> 
  custom:video-decoder-webm-vp8: 9c59270c3fd7afecdb556c50c9e8de78 -> 
  custom:SearchIndexIgnoredProperties: e643bd26f0fe6173181afceb89e7c659 -> 
  custom:AudioImporter_EditorPlatform: 2f0ff77a95e0ac474e3e8eeba4e2f7cb -> 
  custom:video-encoder-webm-vp8: eb34c28f22e8b96e1ab97ce403110664 -> 
  custom:audio-decoder-ogg-vorbis: bf7c407c2cedff20999df2af8eb42d56 -> 
  custom:audio-encoder-webm-vorbis: bf7c407c2cedff20999df2af8eb42d56 -> 
========================================================================
Received Import Request.
  Time since last request: 93.877036 seconds.
  path: Assets/Prefabs/Turret.prefab
  artifactKey: Guid(801d165505a93cf148533bb2163ce411) Importer(815301076,1909f56bfc062723c751e8b465ee728b)
Start importing Assets/Prefabs/Turret.prefab using Guid(801d165505a93cf148533bb2163ce411) Importer(815301076,1909f56bfc062723c751e8b465ee728b)  -> (artifact id: 'a0aeca070ca59bafbc37e36c1bb5186a') in 0.079277 seconds
Number of updated asset objects reloaded before import = 0
Number of asset objects unloaded after import = 55
========================================================================
Received Prepare
Begin MonoManager ReloadAssembly
- Loaded All Assemblies, in  0.443 seconds
Refreshing native plugins compatible for Editor in 1.13 ms, found 0 plugins.
Native extension for LinuxStandalone target not found
Native extension for WebGL target not found
[Package Manager] Server::EnsureServerProcessIsRunning -- launch failed, reason: Unity was launched with the -noUpm command-line argument
[Package Manager] UpmClient::Send -- Unable to send message (not connected to UPM process).
[Package Manager] Cannot connect to Unity Package Manager local server
Mono: successfully reloaded assembly
- Finished resetting the current domain, in  1.017 seconds
Domain Reload Profiling: 1459ms
	BeginReloadAssembly (145ms)
		ExecutionOrderSort (0ms)
		DisableScriptedObjects (6ms)
		BackupInstance (0ms)
		ReleaseScriptingObjects (0ms)
		CreateAndSetChildDomain (42ms)
	RebuildCommonClasses (40ms)
	RebuildNativeTypeToScriptingClass (10ms)
	initialDomainReloadingComplete (35ms)
	LoadAllAssembliesAndSetupDomain (213ms)
		LoadAssemblies (265ms)
		RebuildTransferFunctionScriptingTraits (0ms)
		AnalyzeDomain (14ms)
			TypeCache.Refresh (6ms)
				TypeCache.ScanAssembly (0ms)
			ScanForSourceGeneratedMonoScriptInfo (0ms)
			ResolveRequiredComponents (6ms)
	FinalizeReload (1017ms)
		ReleaseScriptCaches (0ms)
		RebuildScriptCaches (0ms)
		SetupLoadedEditorAssemblies (624ms)
			LogAssemblyErrors (0ms)
			InitializePlatformSupportModulesInManaged (48ms)
			SetLoadedEditorAssemblies (7ms)
			RefreshPlugins (0ms)
			BeforeProcessingInitializeOnLoad (124ms)
			ProcessInitializeOnLoadAttributes (404ms)
			ProcessInitializeOnLoadMethodAttributes (34ms)
			AfterProcessingInitializeOnLoad (7ms)
			EditorAssembliesLoaded (0ms)
		ExecutionOrderSort2 (0ms)
		AwakeInstancesAfterBackupRestoration (5ms)
Refreshing native plugins compatible for Editor in 1.35 ms, found 0 plugins.
Preloading 0 native plugins for Editor in 0.00 ms.
Unloading 3103 Unused Serialized files (Serialized files now loaded: 0)
Unloading 24 unused Assets / (31.5 KB). Loaded Objects now: 3645.
Memory consumption went from 119.8 MB to 119.7 MB.
Total: 5.412238 ms (FindLiveObjects: 0.327533 ms CreateObjectMapping: 0.271537 ms MarkObjects: 4.730624 ms  DeleteObjects: 0.080749 ms)

Prepare: number of updated asset objects reloaded= 0
AssetImportParameters requested are different than current active one (requested -> active):
  custom:container-demuxer-ogg: 62fdf1f143b41e24485cea50d1cbac27 -> 
  custom:video-decoder-ogg-theora: a1e56fd34408186e4bbccfd4996cb3dc -> 
  custom:CustomObjectIndexerAttribute: 232f87dd983dbecb2a4e21e08eb2cef8 -> 
  custom:container-demuxer-webm: 4f35f7cbe854078d1ac9338744f61a02 -> 
  custom:container-muxer-webm: aa71ff27fc2769a1b78a27578f13a17b -> 
  custom:video-decoder-webm-vp8: 9c59270c3fd7afecdb556c50c9e8de78 -> 
  custom:SearchIndexIgnoredProperties: e643bd26f0fe6173181afceb89e7c659 -> 
  custom:AudioImporter_EditorPlatform: 2f0ff77a95e0ac474e3e8eeba4e2f7cb -> 
  custom:video-encoder-webm-vp8: eb34c28f22e8b96e1ab97ce403110664 -> 
  custom:audio-decoder-ogg-vorbis: bf7c407c2cedff20999df2af8eb42d56 -> 
  custom:audio-encoder-webm-vorbis: bf7c407c2cedff20999df2af8eb42d56 -> 
========================================================================
Received Import Request.
  Time since last request: 41.104327 seconds.
  path: Assets/Prefabs/Ram.prefab
  artifactKey: Guid(b940df629b09f434dbb9fd487257db6c) Importer(815301076,1909f56bfc062723c751e8b465ee728b)
Start importing Assets/Prefabs/Ram.prefab using Guid(b940df629b09f434dbb9fd487257db6c) Importer(815301076,1909f56bfc062723c751e8b465ee728b)  -> (artifact id: '8df4eca74b194c680c273967677ef6b1') in 0.077403 seconds
Number of updated asset objects reloaded before import = 0
Number of asset objects unloaded after import = 23
